<?xml version="1.0" encoding="UTF-8"?>
<testng-results skipped="0" failed="1" ignored="0" total="2" passed="1">
  <reporter-output>
  </reporter-output>
  <suite name="Suite" duration-ms="56" started-at="2019-07-26T06:21:14Z" finished-at="2019-07-26T06:21:15Z">
    <groups>
    </groups>
    <test name="Test" duration-ms="56" started-at="2019-07-26T06:21:14Z" finished-at="2019-07-26T06:21:15Z">
      <class name="com.Cont.test.TestCase2">
        <test-method status="PASS" signature="setup()[pri:0, instance:com.Cont.test.TestCase2@3b6eb2ec]" name="setup" is-config="true" duration-ms="11" started-at="2019-07-26T06:21:14Z" finished-at="2019-07-26T06:21:14Z">
          <reporter-output>
          </reporter-output>
        </test-method> <!-- setup -->
        <test-method status="FAIL" signature="jenkinsLogsVerification()[pri:0, instance:com.Cont.test.TestCase2@3b6eb2ec]" name="jenkinsLogsVerification" duration-ms="0" started-at="2019-07-26T06:21:15Z" finished-at="2019-07-26T06:21:15Z">
          <exception class="java.lang.AssertionError">
            <message>
              <![CDATA[Failed to verify organization Name expected [ContinuuMumbai] but found [ContinuumPune]]]>
            </message>
            <full-stacktrace>
              <![CDATA[java.lang.AssertionError: Failed to verify organization Name expected [ContinuuMumbai] but found [ContinuumPune]
at org.testng.Assert.fail(Assert.java:96)
at org.testng.Assert.failNotEquals(Assert.java:776)
at org.testng.Assert.assertEqualsImpl(Assert.java:137)
at org.testng.Assert.assertEquals(Assert.java:118)
at org.testng.Assert.assertEquals(Assert.java:453)
at com.Cont.test.TestCase2.jenkinsLogsVerification(TestCase2.java:12)
at sun.reflect.NativeMethodAccessorImpl.invoke0(Native Method)
at sun.reflect.NativeMethodAccessorImpl.invoke(NativeMethodAccessorImpl.java:62)
at sun.reflect.DelegatingMethodAccessorImpl.invoke(DelegatingMethodAccessorImpl.java:43)
at java.lang.reflect.Method.invoke(Method.java:498)
at org.testng.internal.MethodInvocationHelper.invokeMethod(MethodInvocationHelper.java:124)
at org.testng.internal.Invoker.invokeMethod(Invoker.java:583)
at org.testng.internal.Invoker.invokeTestMethod(Invoker.java:719)
at org.testng.internal.Invoker.invokeTestMethods(Invoker.java:989)
at org.testng.internal.TestMethodWorker.invokeTestMethods(TestMethodWorker.java:125)
at org.testng.internal.TestMethodWorker.run(TestMethodWorker.java:109)
at org.testng.TestRunner.privateRun(TestRunner.java:648)
at org.testng.TestRunner.run(TestRunner.java:505)
at org.testng.SuiteRunner.runTest(SuiteRunner.java:455)
at org.testng.SuiteRunner.runSequentially(SuiteRunner.java:450)
at org.testng.SuiteRunner.privateRun(SuiteRunner.java:415)
at org.testng.SuiteRunner.run(SuiteRunner.java:364)
at org.testng.SuiteRunnerWorker.runSuite(SuiteRunnerWorker.java:52)
at org.testng.SuiteRunnerWorker.run(SuiteRunnerWorker.java:84)
at org.testng.TestNG.runSuitesSequentially(TestNG.java:1208)
at org.testng.TestNG.runSuitesLocally(TestNG.java:1137)
at org.testng.TestNG.runSuites(TestNG.java:1049)
at org.testng.TestNG.run(TestNG.java:1017)
at org.apache.maven.surefire.testng.TestNGExecutor.run(TestNGExecutor.java:295)
at org.apache.maven.surefire.testng.TestNGXmlTestSuite.execute(TestNGXmlTestSuite.java:84)
at org.apache.maven.surefire.testng.TestNGProvider.invoke(TestNGProvider.java:90)
at org.apache.maven.surefire.booter.ForkedBooter.invokeProviderInSameClassLoader(ForkedBooter.java:203)
at org.apache.maven.surefire.booter.ForkedBooter.runSuitesInProcess(ForkedBooter.java:155)
at org.apache.maven.surefire.booter.ForkedBooter.main(ForkedBooter.java:103)
]]>
            </full-stacktrace>
          </exception> <!-- java.lang.AssertionError -->
          <reporter-output>
          </reporter-output>
        </test-method> <!-- jenkinsLogsVerification -->
      </class> <!-- com.Cont.test.TestCase2 -->
      <class name="com.Cont.test.TestCases1">
        <test-method status="PASS" signature="jenkinsLogsVerification()[pri:0, instance:com.Cont.test.TestCases1@1e643faf]" name="jenkinsLogsVerification" duration-ms="4" started-at="2019-07-26T06:21:15Z" finished-at="2019-07-26T06:21:15Z">
          <reporter-output>
          </reporter-output>
        </test-method> <!-- jenkinsLogsVerification -->
      </class> <!-- com.Cont.test.TestCases1 -->
    </test> <!-- Test -->
  </suite> <!-- Suite -->
</testng-results>
